<?xml version="1.0" encoding="UTF-8"?>
<!-- Generated by org.testng.reporters.JUnitXMLReporter -->
<testsuite ignored="0" hostname="DE01" failures="0" tests="4" name="Credentials2TestNG" time="87.288" errors="0" timestamp="05 Feb 2021 12:27:32 GMT">
  <testcase classname="org.leespring.Credentials2TestNG" name="login1" time="42.389"/>
  <testcase classname="org.leespring.Credentials2TestNG" name="login2" time="7.706"/>
  <testcase classname="org.leespring.Credentials2TestNG" name="login3" time="6.64"/>
  <testcase classname="org.leespring.Credentials2TestNG" name="login4" time="4.495"/>
</testsuite> <!-- Credentials2TestNG -->
